[ 2017-06-26T00:00:01+08:00 ] ::1 /lyadminmy/index.php/Admin/Index/index.html
INFO: [ app_init ] --START--
INFO: Run Behavior\BuildLiteBehavior [ RunTime:0.000000s ]
INFO: [ app_init ] --END-- [ RunTime:0.001000s ]
INFO: [ app_begin ] --START--
INFO: Run Behavior\ReadHtmlCacheBehavior [ RunTime:0.001000s ]
INFO: [ app_begin ] --END-- [ RunTime:0.001000s ]
SQL: SHOW COLUMNS FROM `ly_admin_user` [ RunTime:0.0080s ]
SQL: SHOW COLUMNS FROM `ly_admin_module` [ RunTime:0.0070s ]
SQL: SHOW COLUMNS FROM `ly_admin_access` [ RunTime:0.0070s ]
SQL: SELECT `group` FROM `ly_admin_access` WHERE `uid` = 1 LIMIT 1   [ RunTime:0.0010s ]
SQL: SHOW COLUMNS FROM `ly_admin_group` [ RunTime:0.0070s ]
SQL: SELECT * FROM `ly_admin_group` WHERE `id` = 1 LIMIT 1   [ RunTime:0.0000s ]
SQL: SELECT * FROM `ly_admin_module` WHERE `status` = 1 ORDER BY sort asc, id asc  [ RunTime:0.0010s ]

[ 2017-06-26T00:00:02+08:00 ] ::1 /lyadminmy/index.php/Admin/Index/index.html
INFO: [ app_init ] --START--
INFO: Run Behavior\BuildLiteBehavior [ RunTime:0.000000s ]
INFO: [ app_init ] --END-- [ RunTime:0.001000s ]
INFO: [ app_begin ] --START--
INFO: Run Behavior\ReadHtmlCacheBehavior [ RunTime:0.001000s ]
INFO: [ app_begin ] --END-- [ RunTime:0.001000s ]
SQL: SHOW COLUMNS FROM `ly_admin_user` [ RunTime:0.0080s ]
SQL: SHOW COLUMNS FROM `ly_admin_module` [ RunTime:0.0080s ]
SQL: SHOW COLUMNS FROM `ly_admin_access` [ RunTime:0.0080s ]
SQL: SELECT `group` FROM `ly_admin_access` WHERE `uid` = 1 LIMIT 1   [ RunTime:0.0010s ]
SQL: SHOW COLUMNS FROM `ly_admin_group` [ RunTime:0.0080s ]
SQL: SELECT * FROM `ly_admin_group` WHERE `id` = 1 LIMIT 1   [ RunTime:0.0010s ]
SQL: SELECT * FROM `ly_admin_module` WHERE `status` = 1 ORDER BY sort asc, id asc  [ RunTime:0.0000s ]

[ 2017-06-26T00:00:02+08:00 ] ::1 /lyadminmy/index.php/Admin/Index/index.html
INFO: [ app_init ] --START--
INFO: Run Behavior\BuildLiteBehavior [ RunTime:0.000000s ]
INFO: [ app_init ] --END-- [ RunTime:0.001000s ]
INFO: [ app_begin ] --START--
INFO: Run Behavior\ReadHtmlCacheBehavior [ RunTime:0.001000s ]
INFO: [ app_begin ] --END-- [ RunTime:0.001000s ]
SQL: SHOW COLUMNS FROM `ly_admin_user` [ RunTime:0.0080s ]
SQL: SHOW COLUMNS FROM `ly_admin_module` [ RunTime:0.0080s ]
SQL: SHOW COLUMNS FROM `ly_admin_access` [ RunTime:0.0070s ]
SQL: SELECT `group` FROM `ly_admin_access` WHERE `uid` = 1 LIMIT 1   [ RunTime:0.0000s ]
SQL: SHOW COLUMNS FROM `ly_admin_group` [ RunTime:0.0080s ]
SQL: SELECT * FROM `ly_admin_group` WHERE `id` = 1 LIMIT 1   [ RunTime:0.0000s ]
SQL: SELECT * FROM `ly_admin_module` WHERE `status` = 1 ORDER BY sort asc, id asc  [ RunTime:0.0000s ]

[ 2017-06-26T00:00:02+08:00 ] ::1 /lyadminmy/index.php/Admin/Index/index.html
INFO: [ app_init ] --START--
INFO: Run Behavior\BuildLiteBehavior [ RunTime:0.000000s ]
INFO: [ app_init ] --END-- [ RunTime:0.001000s ]
INFO: [ app_begin ] --START--
INFO: Run Behavior\ReadHtmlCacheBehavior [ RunTime:0.001000s ]
INFO: [ app_begin ] --END-- [ RunTime:0.001000s ]
SQL: SHOW COLUMNS FROM `ly_admin_user` [ RunTime:0.0080s ]
SQL: SHOW COLUMNS FROM `ly_admin_module` [ RunTime:0.0090s ]
SQL: SHOW COLUMNS FROM `ly_admin_access` [ RunTime:0.0080s ]
SQL: SELECT `group` FROM `ly_admin_access` WHERE `uid` = 1 LIMIT 1   [ RunTime:0.0010s ]
SQL: SHOW COLUMNS FROM `ly_admin_group` [ RunTime:0.0090s ]
SQL: SELECT * FROM `ly_admin_group` WHERE `id` = 1 LIMIT 1   [ RunTime:0.0010s ]
SQL: SELECT * FROM `ly_admin_module` WHERE `status` = 1 ORDER BY sort asc, id asc  [ RunTime:0.0010s ]

[ 2017-06-26T00:00:20+08:00 ] ::1 /lyadminmy/index.php/Admin/Index/index.html
INFO: [ app_init ] --START--
INFO: Run Behavior\BuildLiteBehavior [ RunTime:0.000000s ]
INFO: [ app_init ] --END-- [ RunTime:0.001000s ]
INFO: [ app_begin ] --START--
INFO: Run Behavior\ReadHtmlCacheBehavior [ RunTime:0.000000s ]
INFO: [ app_begin ] --END-- [ RunTime:0.000000s ]
SQL: SHOW COLUMNS FROM `ly_admin_user` [ RunTime:0.0090s ]
SQL: SHOW COLUMNS FROM `ly_admin_module` [ RunTime:0.0090s ]
SQL: SHOW COLUMNS FROM `ly_admin_access` [ RunTime:0.0070s ]
SQL: SELECT `group` FROM `ly_admin_access` WHERE `uid` = 1 LIMIT 1   [ RunTime:0.0000s ]
SQL: SHOW COLUMNS FROM `ly_admin_group` [ RunTime:0.0080s ]
SQL: SELECT * FROM `ly_admin_group` WHERE `id` = 1 LIMIT 1   [ RunTime:0.0000s ]
SQL: SELECT * FROM `ly_admin_module` WHERE `status` = 1 ORDER BY sort asc, id asc  [ RunTime:0.0010s ]

[ 2017-06-26T00:00:21+08:00 ] ::1 /lyadminmy/index.php/Admin/Index/index.html
INFO: [ app_init ] --START--
INFO: Run Behavior\BuildLiteBehavior [ RunTime:0.000000s ]
INFO: [ app_init ] --END-- [ RunTime:0.001000s ]
INFO: [ app_begin ] --START--
INFO: Run Behavior\ReadHtmlCacheBehavior [ RunTime:0.000000s ]
INFO: [ app_begin ] --END-- [ RunTime:0.000000s ]
SQL: SHOW COLUMNS FROM `ly_admin_user` [ RunTime:0.0070s ]
SQL: SHOW COLUMNS FROM `ly_admin_module` [ RunTime:0.0070s ]
SQL: SHOW COLUMNS FROM `ly_admin_access` [ RunTime:0.0070s ]
SQL: SELECT `group` FROM `ly_admin_access` WHERE `uid` = 1 LIMIT 1   [ RunTime:0.0000s ]
SQL: SHOW COLUMNS FROM `ly_admin_group` [ RunTime:0.0090s ]
SQL: SELECT * FROM `ly_admin_group` WHERE `id` = 1 LIMIT 1   [ RunTime:0.0010s ]
SQL: SELECT * FROM `ly_admin_module` WHERE `status` = 1 ORDER BY sort asc, id asc  [ RunTime:0.0010s ]

[ 2017-06-26T00:00:21+08:00 ] ::1 /lyadminmy/index.php/Admin/Index/index.html
INFO: [ app_init ] --START--
INFO: Run Behavior\BuildLiteBehavior [ RunTime:0.000000s ]
INFO: [ app_init ] --END-- [ RunTime:0.001000s ]
INFO: [ app_begin ] --START--
INFO: Run Behavior\ReadHtmlCacheBehavior [ RunTime:0.001000s ]
INFO: [ app_begin ] --END-- [ RunTime:0.001000s ]
SQL: SHOW COLUMNS FROM `ly_admin_user` [ RunTime:0.0080s ]
SQL: SHOW COLUMNS FROM `ly_admin_module` [ RunTime:0.0090s ]
SQL: SHOW COLUMNS FROM `ly_admin_access` [ RunTime:0.0080s ]
SQL: SELECT `group` FROM `ly_admin_access` WHERE `uid` = 1 LIMIT 1   [ RunTime:0.0010s ]
SQL: SHOW COLUMNS FROM `ly_admin_group` [ RunTime:0.0080s ]
SQL: SELECT * FROM `ly_admin_group` WHERE `id` = 1 LIMIT 1   [ RunTime:0.0010s ]
SQL: SELECT * FROM `ly_admin_module` WHERE `status` = 1 ORDER BY sort asc, id asc  [ RunTime:0.0010s ]

[ 2017-06-26T00:00:21+08:00 ] ::1 /lyadminmy/index.php/Admin/Index/index.html
INFO: [ app_init ] --START--
INFO: Run Behavior\BuildLiteBehavior [ RunTime:0.000000s ]
INFO: [ app_init ] --END-- [ RunTime:0.001000s ]
INFO: [ app_begin ] --START--
INFO: Run Behavior\ReadHtmlCacheBehavior [ RunTime:0.001000s ]
INFO: [ app_begin ] --END-- [ RunTime:0.001000s ]
SQL: SHOW COLUMNS FROM `ly_admin_user` [ RunTime:0.0080s ]
SQL: SHOW COLUMNS FROM `ly_admin_module` [ RunTime:0.0080s ]
SQL: SHOW COLUMNS FROM `ly_admin_access` [ RunTime:0.0090s ]
SQL: SELECT `group` FROM `ly_admin_access` WHERE `uid` = 1 LIMIT 1   [ RunTime:0.0010s ]
SQL: SHOW COLUMNS FROM `ly_admin_group` [ RunTime:0.0070s ]
SQL: SELECT * FROM `ly_admin_group` WHERE `id` = 1 LIMIT 1   [ RunTime:0.0010s ]
SQL: SELECT * FROM `ly_admin_module` WHERE `status` = 1 ORDER BY sort asc, id asc  [ RunTime:0.0010s ]

[ 2017-06-26T00:00:21+08:00 ] ::1 /lyadminmy/index.php/Admin/Index/index.html
INFO: [ app_init ] --START--
INFO: Run Behavior\BuildLiteBehavior [ RunTime:0.000000s ]
INFO: [ app_init ] --END-- [ RunTime:0.001000s ]
INFO: [ app_begin ] --START--
INFO: Run Behavior\ReadHtmlCacheBehavior [ RunTime:0.001000s ]
INFO: [ app_begin ] --END-- [ RunTime:0.001000s ]
SQL: SHOW COLUMNS FROM `ly_admin_user` [ RunTime:0.0080s ]
SQL: SHOW COLUMNS FROM `ly_admin_module` [ RunTime:0.0080s ]
SQL: SHOW COLUMNS FROM `ly_admin_access` [ RunTime:0.0070s ]
SQL: SELECT `group` FROM `ly_admin_access` WHERE `uid` = 1 LIMIT 1   [ RunTime:0.0000s ]
SQL: SHOW COLUMNS FROM `ly_admin_group` [ RunTime:0.0080s ]
SQL: SELECT * FROM `ly_admin_group` WHERE `id` = 1 LIMIT 1   [ RunTime:0.0010s ]
SQL: SELECT * FROM `ly_admin_module` WHERE `status` = 1 ORDER BY sort asc, id asc  [ RunTime:0.0010s ]

[ 2017-06-26T00:00:21+08:00 ] ::1 /lyadminmy/index.php/Admin/Index/index.html
INFO: [ app_init ] --START--
INFO: Run Behavior\BuildLiteBehavior [ RunTime:0.000000s ]
INFO: [ app_init ] --END-- [ RunTime:0.001000s ]
INFO: [ app_begin ] --START--
INFO: Run Behavior\ReadHtmlCacheBehavior [ RunTime:0.001000s ]
INFO: [ app_begin ] --END-- [ RunTime:0.001000s ]
SQL: SHOW COLUMNS FROM `ly_admin_user` [ RunTime:0.0080s ]
SQL: SHOW COLUMNS FROM `ly_admin_module` [ RunTime:0.0080s ]
SQL: SHOW COLUMNS FROM `ly_admin_access` [ RunTime:0.0070s ]
SQL: SELECT `group` FROM `ly_admin_access` WHERE `uid` = 1 LIMIT 1   [ RunTime:0.0000s ]
SQL: SHOW COLUMNS FROM `ly_admin_group` [ RunTime:0.0070s ]
SQL: SELECT * FROM `ly_admin_group` WHERE `id` = 1 LIMIT 1   [ RunTime:0.0010s ]
SQL: SELECT * FROM `ly_admin_module` WHERE `status` = 1 ORDER BY sort asc, id asc  [ RunTime:0.0010s ]

[ 2017-06-26T00:00:22+08:00 ] ::1 /lyadminmy/index.php/Admin/Index/index.html
INFO: [ app_init ] --START--
INFO: Run Behavior\BuildLiteBehavior [ RunTime:0.000000s ]
INFO: [ app_init ] --END-- [ RunTime:0.001000s ]
INFO: [ app_begin ] --START--
INFO: Run Behavior\ReadHtmlCacheBehavior [ RunTime:0.000000s ]
INFO: [ app_begin ] --END-- [ RunTime:0.001000s ]
SQL: SHOW COLUMNS FROM `ly_admin_user` [ RunTime:0.0080s ]
SQL: SHOW COLUMNS FROM `ly_admin_module` [ RunTime:0.0080s ]
SQL: SHOW COLUMNS FROM `ly_admin_access` [ RunTime:0.0070s ]
SQL: SELECT `group` FROM `ly_admin_access` WHERE `uid` = 1 LIMIT 1   [ RunTime:0.0000s ]
SQL: SHOW COLUMNS FROM `ly_admin_group` [ RunTime:0.0080s ]
SQL: SELECT * FROM `ly_admin_group` WHERE `id` = 1 LIMIT 1   [ RunTime:0.0010s ]
SQL: SELECT * FROM `ly_admin_module` WHERE `status` = 1 ORDER BY sort asc, id asc  [ RunTime:0.0010s ]

[ 2017-06-26T00:00:22+08:00 ] ::1 /lyadminmy/index.php/Admin/Index/index.html
INFO: [ app_init ] --START--
INFO: Run Behavior\BuildLiteBehavior [ RunTime:0.000000s ]
INFO: [ app_init ] --END-- [ RunTime:0.000000s ]
INFO: [ app_begin ] --START--
INFO: Run Behavior\ReadHtmlCacheBehavior [ RunTime:0.001000s ]
INFO: [ app_begin ] --END-- [ RunTime:0.001000s ]
SQL: SHOW COLUMNS FROM `ly_admin_user` [ RunTime:0.0080s ]
SQL: SHOW COLUMNS FROM `ly_admin_module` [ RunTime:0.0080s ]
SQL: SHOW COLUMNS FROM `ly_admin_access` [ RunTime:0.0090s ]
SQL: SELECT `group` FROM `ly_admin_access` WHERE `uid` = 1 LIMIT 1   [ RunTime:0.0010s ]
SQL: SHOW COLUMNS FROM `ly_admin_group` [ RunTime:0.0080s ]
SQL: SELECT * FROM `ly_admin_group` WHERE `id` = 1 LIMIT 1   [ RunTime:0.0010s ]
SQL: SELECT * FROM `ly_admin_module` WHERE `status` = 1 ORDER BY sort asc, id asc  [ RunTime:0.0010s ]

[ 2017-06-26T00:00:35+08:00 ] ::1 /lyadminmy/index.php/Admin/Index/index.html
INFO: [ app_init ] --START--
INFO: Run Behavior\BuildLiteBehavior [ RunTime:0.000000s ]
INFO: [ app_init ] --END-- [ RunTime:0.001000s ]
INFO: [ app_begin ] --START--
INFO: Run Behavior\ReadHtmlCacheBehavior [ RunTime:0.001000s ]
INFO: [ app_begin ] --END-- [ RunTime:0.001000s ]
SQL: SHOW COLUMNS FROM `ly_admin_user` [ RunTime:0.0070s ]
SQL: SHOW COLUMNS FROM `ly_admin_module` [ RunTime:0.0100s ]
SQL: SHOW COLUMNS FROM `ly_admin_access` [ RunTime:0.0070s ]
SQL: SELECT `group` FROM `ly_admin_access` WHERE `uid` = 1 LIMIT 1   [ RunTime:0.0010s ]
SQL: SHOW COLUMNS FROM `ly_admin_group` [ RunTime:0.0080s ]
SQL: SELECT * FROM `ly_admin_group` WHERE `id` = 1 LIMIT 1   [ RunTime:0.0010s ]
SQL: SELECT * FROM `ly_admin_module` WHERE `status` = 1 ORDER BY sort asc, id asc  [ RunTime:0.0010s ]

[ 2017-06-26T00:00:35+08:00 ] ::1 /lyadminmy/index.php/Admin/Index/index.html
INFO: [ app_init ] --START--
INFO: Run Behavior\BuildLiteBehavior [ RunTime:0.000000s ]
INFO: [ app_init ] --END-- [ RunTime:0.001000s ]
INFO: [ app_begin ] --START--
INFO: Run Behavior\ReadHtmlCacheBehavior [ RunTime:0.000000s ]
INFO: [ app_begin ] --END-- [ RunTime:0.001000s ]
SQL: SHOW COLUMNS FROM `ly_admin_user` [ RunTime:0.0070s ]
SQL: SHOW COLUMNS FROM `ly_admin_module` [ RunTime:0.0080s ]
SQL: SHOW COLUMNS FROM `ly_admin_access` [ RunTime:0.0070s ]
SQL: SELECT `group` FROM `ly_admin_access` WHERE `uid` = 1 LIMIT 1   [ RunTime:0.0010s ]
SQL: SHOW COLUMNS FROM `ly_admin_group` [ RunTime:0.0080s ]
SQL: SELECT * FROM `ly_admin_group` WHERE `id` = 1 LIMIT 1   [ RunTime:0.0010s ]
SQL: SELECT * FROM `ly_admin_module` WHERE `status` = 1 ORDER BY sort asc, id asc  [ RunTime:0.0010s ]

[ 2017-06-26T00:00:35+08:00 ] ::1 /lyadminmy/index.php/Admin/Index/index.html
INFO: [ app_init ] --START--
INFO: Run Behavior\BuildLiteBehavior [ RunTime:0.000000s ]
INFO: [ app_init ] --END-- [ RunTime:0.001000s ]
INFO: [ app_begin ] --START--
INFO: Run Behavior\ReadHtmlCacheBehavior [ RunTime:0.001000s ]
INFO: [ app_begin ] --END-- [ RunTime:0.001000s ]
SQL: SHOW COLUMNS FROM `ly_admin_user` [ RunTime:0.0070s ]
SQL: SHOW COLUMNS FROM `ly_admin_module` [ RunTime:0.0070s ]
SQL: SHOW COLUMNS FROM `ly_admin_access` [ RunTime:0.0080s ]
SQL: SELECT `group` FROM `ly_admin_access` WHERE `uid` = 1 LIMIT 1   [ RunTime:0.0000s ]
SQL: SHOW COLUMNS FROM `ly_admin_group` [ RunTime:0.0080s ]
SQL: SELECT * FROM `ly_admin_group` WHERE `id` = 1 LIMIT 1   [ RunTime:0.0010s ]
SQL: SELECT * FROM `ly_admin_module` WHERE `status` = 1 ORDER BY sort asc, id asc  [ RunTime:0.0010s ]

[ 2017-06-26T00:00:35+08:00 ] ::1 /lyadminmy/index.php/Admin/Index/index.html
INFO: [ app_init ] --START--
INFO: Run Behavior\BuildLiteBehavior [ RunTime:0.000000s ]
INFO: [ app_init ] --END-- [ RunTime:0.001000s ]
INFO: [ app_begin ] --START--
INFO: Run Behavior\ReadHtmlCacheBehavior [ RunTime:0.001000s ]
INFO: [ app_begin ] --END-- [ RunTime:0.001000s ]
SQL: SHOW COLUMNS FROM `ly_admin_user` [ RunTime:0.0080s ]
SQL: SHOW COLUMNS FROM `ly_admin_module` [ RunTime:0.0080s ]
SQL: SHOW COLUMNS FROM `ly_admin_access` [ RunTime:0.0080s ]
SQL: SELECT `group` FROM `ly_admin_access` WHERE `uid` = 1 LIMIT 1   [ RunTime:0.0000s ]
SQL: SHOW COLUMNS FROM `ly_admin_group` [ RunTime:0.0080s ]
SQL: SELECT * FROM `ly_admin_group` WHERE `id` = 1 LIMIT 1   [ RunTime:0.0010s ]
SQL: SELECT * FROM `ly_admin_module` WHERE `status` = 1 ORDER BY sort asc, id asc  [ RunTime:0.0000s ]

[ 2017-06-26T00:00:36+08:00 ] ::1 /lyadminmy/index.php/Admin/Index/index.html
INFO: [ app_init ] --START--
INFO: Run Behavior\BuildLiteBehavior [ RunTime:0.000000s ]
INFO: [ app_init ] --END-- [ RunTime:0.002000s ]
INFO: [ app_begin ] --START--
INFO: Run Behavior\ReadHtmlCacheBehavior [ RunTime:0.001000s ]
INFO: [ app_begin ] --END-- [ RunTime:0.001000s ]
SQL: SHOW COLUMNS FROM `ly_admin_user` [ RunTime:0.0090s ]
SQL: SHOW COLUMNS FROM `ly_admin_module` [ RunTime:0.0080s ]
SQL: SHOW COLUMNS FROM `ly_admin_access` [ RunTime:0.0090s ]
SQL: SELECT `group` FROM `ly_admin_access` WHERE `uid` = 1 LIMIT 1   [ RunTime:0.0010s ]
SQL: SHOW COLUMNS FROM `ly_admin_group` [ RunTime:0.0070s ]
SQL: SELECT * FROM `ly_admin_group` WHERE `id` = 1 LIMIT 1   [ RunTime:0.0000s ]
SQL: SELECT * FROM `ly_admin_module` WHERE `status` = 1 ORDER BY sort asc, id asc  [ RunTime:0.0010s ]

[ 2017-06-26T00:01:48+08:00 ] ::1 /lyadminmy/index.php/Admin/Index/index.html
INFO: [ app_init ] --START--
INFO: Run Behavior\BuildLiteBehavior [ RunTime:0.000000s ]
INFO: [ app_init ] --END-- [ RunTime:0.001000s ]
INFO: [ app_begin ] --START--
INFO: Run Behavior\ReadHtmlCacheBehavior [ RunTime:0.001000s ]
INFO: [ app_begin ] --END-- [ RunTime:0.001000s ]
SQL: SHOW COLUMNS FROM `ly_admin_user` [ RunTime:0.0070s ]
SQL: SHOW COLUMNS FROM `ly_admin_module` [ RunTime:0.0070s ]
SQL: SHOW COLUMNS FROM `ly_admin_access` [ RunTime:0.0070s ]
SQL: SELECT `group` FROM `ly_admin_access` WHERE `uid` = 1 LIMIT 1   [ RunTime:0.0000s ]
SQL: SHOW COLUMNS FROM `ly_admin_group` [ RunTime:0.0080s ]
SQL: SELECT * FROM `ly_admin_group` WHERE `id` = 1 LIMIT 1   [ RunTime:0.0010s ]
SQL: SELECT * FROM `ly_admin_module` WHERE `status` = 1 ORDER BY sort asc, id asc  [ RunTime:0.0010s ]

[ 2017-06-26T00:01:48+08:00 ] ::1 /lyadminmy/index.php/Admin/Index/index.html
INFO: [ app_init ] --START--
INFO: Run Behavior\BuildLiteBehavior [ RunTime:0.000000s ]
INFO: [ app_init ] --END-- [ RunTime:0.001000s ]
INFO: [ app_begin ] --START--
INFO: Run Behavior\ReadHtmlCacheBehavior [ RunTime:0.001000s ]
INFO: [ app_begin ] --END-- [ RunTime:0.001000s ]
SQL: SHOW COLUMNS FROM `ly_admin_user` [ RunTime:0.0080s ]
SQL: SHOW COLUMNS FROM `ly_admin_module` [ RunTime:0.0080s ]
SQL: SHOW COLUMNS FROM `ly_admin_access` [ RunTime:0.0070s ]
SQL: SELECT `group` FROM `ly_admin_access` WHERE `uid` = 1 LIMIT 1   [ RunTime:0.0000s ]
SQL: SHOW COLUMNS FROM `ly_admin_group` [ RunTime:0.0070s ]
SQL: SELECT * FROM `ly_admin_group` WHERE `id` = 1 LIMIT 1   [ RunTime:0.0010s ]
SQL: SELECT * FROM `ly_admin_module` WHERE `status` = 1 ORDER BY sort asc, id asc  [ RunTime:0.0010s ]

[ 2017-06-26T00:01:48+08:00 ] ::1 /lyadminmy/index.php/Admin/Index/index.html
INFO: [ app_init ] --START--
INFO: Run Behavior\BuildLiteBehavior [ RunTime:0.000000s ]
INFO: [ app_init ] --END-- [ RunTime:0.001000s ]
INFO: [ app_begin ] --START--
INFO: Run Behavior\ReadHtmlCacheBehavior [ RunTime:0.001000s ]
INFO: [ app_begin ] --END-- [ RunTime:0.001000s ]
SQL: SHOW COLUMNS FROM `ly_admin_user` [ RunTime:0.0070s ]
SQL: SHOW COLUMNS FROM `ly_admin_module` [ RunTime:0.0070s ]
SQL: SHOW COLUMNS FROM `ly_admin_access` [ RunTime:0.0070s ]
SQL: SELECT `group` FROM `ly_admin_access` WHERE `uid` = 1 LIMIT 1   [ RunTime:0.0000s ]
SQL: SHOW COLUMNS FROM `ly_admin_group` [ RunTime:0.0080s ]
SQL: SELECT * FROM `ly_admin_group` WHERE `id` = 1 LIMIT 1   [ RunTime:0.0010s ]
SQL: SELECT * FROM `ly_admin_module` WHERE `status` = 1 ORDER BY sort asc, id asc  [ RunTime:0.0010s ]

[ 2017-06-26T00:01:49+08:00 ] ::1 /lyadminmy/index.php/Admin/Index/index.html
INFO: [ app_init ] --START--
INFO: Run Behavior\BuildLiteBehavior [ RunTime:0.000000s ]
INFO: [ app_init ] --END-- [ RunTime:0.001000s ]
INFO: [ app_begin ] --START--
INFO: Run Behavior\ReadHtmlCacheBehavior [ RunTime:0.001000s ]
INFO: [ app_begin ] --END-- [ RunTime:0.001000s ]
SQL: SHOW COLUMNS FROM `ly_admin_user` [ RunTime:0.0090s ]
SQL: SHOW COLUMNS FROM `ly_admin_module` [ RunTime:0.0080s ]
SQL: SHOW COLUMNS FROM `ly_admin_access` [ RunTime:0.0070s ]
SQL: SELECT `group` FROM `ly_admin_access` WHERE `uid` = 1 LIMIT 1   [ RunTime:0.0000s ]
SQL: SHOW COLUMNS FROM `ly_admin_group` [ RunTime:0.0070s ]
SQL: SELECT * FROM `ly_admin_group` WHERE `id` = 1 LIMIT 1   [ RunTime:0.0000s ]
SQL: SELECT * FROM `ly_admin_module` WHERE `status` = 1 ORDER BY sort asc, id asc  [ RunTime:0.0010s ]

[ 2017-06-26T00:01:49+08:00 ] ::1 /lyadminmy/index.php/Admin/Index/index.html
INFO: [ app_init ] --START--
INFO: Run Behavior\BuildLiteBehavior [ RunTime:0.000000s ]
INFO: [ app_init ] --END-- [ RunTime:0.001000s ]
INFO: [ app_begin ] --START--
INFO: Run Behavior\ReadHtmlCacheBehavior [ RunTime:0.002000s ]
INFO: [ app_begin ] --END-- [ RunTime:0.002000s ]
SQL: SHOW COLUMNS FROM `ly_admin_user` [ RunTime:0.0070s ]
SQL: SHOW COLUMNS FROM `ly_admin_module` [ RunTime:0.0080s ]
SQL: SHOW COLUMNS FROM `ly_admin_access` [ RunTime:0.0080s ]
SQL: SELECT `group` FROM `ly_admin_access` WHERE `uid` = 1 LIMIT 1   [ RunTime:0.0010s ]
SQL: SHOW COLUMNS FROM `ly_admin_group` [ RunTime:0.0080s ]
SQL: SELECT * FROM `ly_admin_group` WHERE `id` = 1 LIMIT 1   [ RunTime:0.0010s ]
SQL: SELECT * FROM `ly_admin_module` WHERE `status` = 1 ORDER BY sort asc, id asc  [ RunTime:0.0010s ]

[ 2017-06-26T00:01:49+08:00 ] ::1 /lyadminmy/index.php/Admin/Index/index.html
INFO: [ app_init ] --START--
INFO: Run Behavior\BuildLiteBehavior [ RunTime:0.000000s ]
INFO: [ app_init ] --END-- [ RunTime:0.001000s ]
INFO: [ app_begin ] --START--
INFO: Run Behavior\ReadHtmlCacheBehavior [ RunTime:0.001000s ]
INFO: [ app_begin ] --END-- [ RunTime:0.001000s ]
SQL: SHOW COLUMNS FROM `ly_admin_user` [ RunTime:0.0070s ]
SQL: SHOW COLUMNS FROM `ly_admin_module` [ RunTime:0.0090s ]
SQL: SHOW COLUMNS FROM `ly_admin_access` [ RunTime:0.0070s ]
SQL: SELECT `group` FROM `ly_admin_access` WHERE `uid` = 1 LIMIT 1   [ RunTime:0.0010s ]
SQL: SHOW COLUMNS FROM `ly_admin_group` [ RunTime:0.0080s ]
SQL: SELECT * FROM `ly_admin_group` WHERE `id` = 1 LIMIT 1   [ RunTime:0.0000s ]
SQL: SELECT * FROM `ly_admin_module` WHERE `status` = 1 ORDER BY sort asc, id asc  [ RunTime:0.0010s ]

[ 2017-06-26T00:01:49+08:00 ] ::1 /lyadminmy/index.php/Admin/Index/index.html
INFO: [ app_init ] --START--
INFO: Run Behavior\BuildLiteBehavior [ RunTime:0.000000s ]
INFO: [ app_init ] --END-- [ RunTime:0.000000s ]
INFO: [ app_begin ] --START--
INFO: Run Behavior\ReadHtmlCacheBehavior [ RunTime:0.001000s ]
INFO: [ app_begin ] --END-- [ RunTime:0.001000s ]
SQL: SHOW COLUMNS FROM `ly_admin_user` [ RunTime:0.0080s ]
SQL: SHOW COLUMNS FROM `ly_admin_module` [ RunTime:0.0080s ]
SQL: SHOW COLUMNS FROM `ly_admin_access` [ RunTime:0.0080s ]
SQL: SELECT `group` FROM `ly_admin_access` WHERE `uid` = 1 LIMIT 1   [ RunTime:0.0010s ]
SQL: SHOW COLUMNS FROM `ly_admin_group` [ RunTime:0.0080s ]
SQL: SELECT * FROM `ly_admin_group` WHERE `id` = 1 LIMIT 1   [ RunTime:0.0010s ]
SQL: SELECT * FROM `ly_admin_module` WHERE `status` = 1 ORDER BY sort asc, id asc  [ RunTime:0.0010s ]

[ 2017-06-26T00:01:49+08:00 ] ::1 /lyadminmy/index.php/Admin/Index/index.html
INFO: [ app_init ] --START--
INFO: Run Behavior\BuildLiteBehavior [ RunTime:0.000000s ]
INFO: [ app_init ] --END-- [ RunTime:0.001000s ]
INFO: [ app_begin ] --START--
INFO: Run Behavior\ReadHtmlCacheBehavior [ RunTime:0.001000s ]
INFO: [ app_begin ] --END-- [ RunTime:0.001000s ]
SQL: SHOW COLUMNS FROM `ly_admin_user` [ RunTime:0.0070s ]
SQL: SHOW COLUMNS FROM `ly_admin_module` [ RunTime:0.0070s ]
SQL: SHOW COLUMNS FROM `ly_admin_access` [ RunTime:0.0070s ]
SQL: SELECT `group` FROM `ly_admin_access` WHERE `uid` = 1 LIMIT 1   [ RunTime:0.0000s ]
SQL: SHOW COLUMNS FROM `ly_admin_group` [ RunTime:0.0080s ]
SQL: SELECT * FROM `ly_admin_group` WHERE `id` = 1 LIMIT 1   [ RunTime:0.0000s ]
SQL: SELECT * FROM `ly_admin_module` WHERE `status` = 1 ORDER BY sort asc, id asc  [ RunTime:0.0000s ]

[ 2017-06-26T00:05:44+08:00 ] ::1 /lyadminmy/index.php/Admin/Index/index.html
INFO: [ app_init ] --START--
INFO: Run Behavior\BuildLiteBehavior [ RunTime:0.000000s ]
INFO: [ app_init ] --END-- [ RunTime:0.001000s ]
INFO: [ app_begin ] --START--
INFO: Run Behavior\ReadHtmlCacheBehavior [ RunTime:0.001000s ]
INFO: [ app_begin ] --END-- [ RunTime:0.001000s ]
SQL: SHOW COLUMNS FROM `ly_admin_user` [ RunTime:0.0090s ]
SQL: SHOW COLUMNS FROM `ly_admin_module` [ RunTime:0.0070s ]
SQL: SHOW COLUMNS FROM `ly_admin_access` [ RunTime:0.0090s ]
SQL: SELECT `group` FROM `ly_admin_access` WHERE `uid` = 1 LIMIT 1   [ RunTime:0.0010s ]
SQL: SHOW COLUMNS FROM `ly_admin_group` [ RunTime:0.0080s ]
SQL: SELECT * FROM `ly_admin_group` WHERE `id` = 1 LIMIT 1   [ RunTime:0.0010s ]
SQL: SELECT * FROM `ly_admin_module` WHERE `status` = 1 ORDER BY sort asc, id asc  [ RunTime:0.0010s ]
SQL: SELECT `admin_menu` FROM `ly_admin_module` WHERE `name` = 'Admin' LIMIT 1   [ RunTime:0.0000s ]
NOTIC: [8] Undefined variable: result D:\phpStudy\WWW\lyadminmy\shop\Admin\Model\ModuleModel.class.php 第 94 行.
INFO: [ view_parse ] --START--
INFO: [ template_filter ] --START--
INFO: Run Behavior\ContentReplaceBehavior [ RunTime:0.000000s ]
INFO: [ template_filter ] --END-- [ RunTime:0.000000s ]
INFO: Run Behavior\ParseTemplateBehavior [ RunTime:0.014000s ]
INFO: [ view_parse ] --END-- [ RunTime:0.014000s ]
INFO: [ view_filter ] --START--
INFO: Run Behavior\WriteHtmlCacheBehavior [ RunTime:0.001000s ]
INFO: [ view_filter ] --END-- [ RunTime:0.001000s ]
INFO: [ app_end ] --START--
INFO: Run Behavior\ShowPageTraceBehavior [ RunTime:0.001000s ]
INFO: [ app_end ] --END-- [ RunTime:0.001000s ]

[ 2017-06-26T00:05:47+08:00 ] ::1 /lyadminmy/index.php/Admin/Index/index.html
INFO: [ app_init ] --START--
INFO: Run Behavior\BuildLiteBehavior [ RunTime:0.000000s ]
INFO: [ app_init ] --END-- [ RunTime:0.001000s ]
INFO: [ app_begin ] --START--
INFO: Run Behavior\ReadHtmlCacheBehavior [ RunTime:0.001000s ]
INFO: [ app_begin ] --END-- [ RunTime:0.001000s ]
SQL: SHOW COLUMNS FROM `ly_admin_user` [ RunTime:0.0070s ]
SQL: SHOW COLUMNS FROM `ly_admin_module` [ RunTime:0.0070s ]
SQL: SHOW COLUMNS FROM `ly_admin_access` [ RunTime:0.0080s ]
SQL: SELECT `group` FROM `ly_admin_access` WHERE `uid` = 1 LIMIT 1   [ RunTime:0.0010s ]
SQL: SHOW COLUMNS FROM `ly_admin_group` [ RunTime:0.0080s ]
SQL: SELECT * FROM `ly_admin_group` WHERE `id` = 1 LIMIT 1   [ RunTime:0.0010s ]
SQL: SELECT * FROM `ly_admin_module` WHERE `status` = 1 ORDER BY sort asc, id asc  [ RunTime:0.0010s ]
SQL: SELECT `admin_menu` FROM `ly_admin_module` WHERE `name` = 'Admin' LIMIT 1   [ RunTime:0.0000s ]
NOTIC: [8] Undefined variable: result D:\phpStudy\WWW\lyadminmy\shop\Admin\Model\ModuleModel.class.php 第 94 行.
INFO: [ view_parse ] --START--
INFO: [ template_filter ] --START--
INFO: Run Behavior\ContentReplaceBehavior [ RunTime:0.000000s ]
INFO: [ template_filter ] --END-- [ RunTime:0.000000s ]
INFO: Run Behavior\ParseTemplateBehavior [ RunTime:0.012000s ]
INFO: [ view_parse ] --END-- [ RunTime:0.012000s ]
INFO: [ view_filter ] --START--
INFO: Run Behavior\WriteHtmlCacheBehavior [ RunTime:0.000000s ]
INFO: [ view_filter ] --END-- [ RunTime:0.000000s ]
INFO: [ app_end ] --START--
INFO: Run Behavior\ShowPageTraceBehavior [ RunTime:0.001000s ]
INFO: [ app_end ] --END-- [ RunTime:0.001000s ]

[ 2017-06-26T00:06:46+08:00 ] ::1 /lyadminmy/index.php/Admin/Index/index.html
INFO: [ app_init ] --START--
INFO: Run Behavior\BuildLiteBehavior [ RunTime:0.000000s ]
INFO: [ app_init ] --END-- [ RunTime:0.001000s ]
INFO: [ app_begin ] --START--
INFO: Run Behavior\ReadHtmlCacheBehavior [ RunTime:0.001000s ]
INFO: [ app_begin ] --END-- [ RunTime:0.001000s ]
SQL: SHOW COLUMNS FROM `ly_admin_user` [ RunTime:0.0070s ]
SQL: SHOW COLUMNS FROM `ly_admin_module` [ RunTime:0.0090s ]
SQL: SHOW COLUMNS FROM `ly_admin_access` [ RunTime:0.0080s ]
SQL: SELECT `group` FROM `ly_admin_access` WHERE `uid` = 1 LIMIT 1   [ RunTime:0.0010s ]
SQL: SHOW COLUMNS FROM `ly_admin_group` [ RunTime:0.0080s ]
SQL: SELECT * FROM `ly_admin_group` WHERE `id` = 1 LIMIT 1   [ RunTime:0.0010s ]
SQL: SELECT * FROM `ly_admin_module` WHERE `status` = 1 ORDER BY sort asc, id asc  [ RunTime:0.0010s ]
SQL: SELECT `admin_menu` FROM `ly_admin_module` WHERE `name` = 'Admin' LIMIT 1   [ RunTime:0.0010s ]
NOTIC: [8] Undefined variable: result D:\phpStudy\WWW\lyadminmy\shop\Admin\Model\ModuleModel.class.php 第 94 行.
INFO: [ view_parse ] --START--
INFO: [ template_filter ] --START--
INFO: Run Behavior\ContentReplaceBehavior [ RunTime:0.000000s ]
INFO: [ template_filter ] --END-- [ RunTime:0.000000s ]
INFO: Run Behavior\ParseTemplateBehavior [ RunTime:0.011000s ]
INFO: [ view_parse ] --END-- [ RunTime:0.011000s ]
INFO: [ view_filter ] --START--
INFO: Run Behavior\WriteHtmlCacheBehavior [ RunTime:0.002000s ]
INFO: [ view_filter ] --END-- [ RunTime:0.002000s ]
INFO: [ app_end ] --START--
INFO: Run Behavior\ShowPageTraceBehavior [ RunTime:0.001001s ]
INFO: [ app_end ] --END-- [ RunTime:0.001001s ]

[ 2017-06-26T00:06:46+08:00 ] ::1 /lyadminmy/index.php/Admin/Index/index.html
INFO: [ app_init ] --START--
INFO: Run Behavior\BuildLiteBehavior [ RunTime:0.000000s ]
INFO: [ app_init ] --END-- [ RunTime:0.000000s ]
INFO: [ app_begin ] --START--
INFO: Run Behavior\ReadHtmlCacheBehavior [ RunTime:0.001000s ]
INFO: [ app_begin ] --END-- [ RunTime:0.001000s ]
SQL: SHOW COLUMNS FROM `ly_admin_user` [ RunTime:0.0070s ]
SQL: SHOW COLUMNS FROM `ly_admin_module` [ RunTime:0.0080s ]
SQL: SHOW COLUMNS FROM `ly_admin_access` [ RunTime:0.0080s ]
SQL: SELECT `group` FROM `ly_admin_access` WHERE `uid` = 1 LIMIT 1   [ RunTime:0.0010s ]
SQL: SHOW COLUMNS FROM `ly_admin_group` [ RunTime:0.0080s ]
SQL: SELECT * FROM `ly_admin_group` WHERE `id` = 1 LIMIT 1   [ RunTime:0.0010s ]
SQL: SELECT * FROM `ly_admin_module` WHERE `status` = 1 ORDER BY sort asc, id asc  [ RunTime:0.0010s ]
SQL: SELECT `admin_menu` FROM `ly_admin_module` WHERE `name` = 'Admin' LIMIT 1   [ RunTime:0.0000s ]
NOTIC: [8] Undefined variable: result D:\phpStudy\WWW\lyadminmy\shop\Admin\Model\ModuleModel.class.php 第 94 行.
INFO: [ view_parse ] --START--
INFO: [ template_filter ] --START--
INFO: Run Behavior\ContentReplaceBehavior [ RunTime:0.000000s ]
INFO: [ template_filter ] --END-- [ RunTime:0.000000s ]
INFO: Run Behavior\ParseTemplateBehavior [ RunTime:0.011001s ]
INFO: [ view_parse ] --END-- [ RunTime:0.012001s ]
INFO: [ view_filter ] --START--
INFO: Run Behavior\WriteHtmlCacheBehavior [ RunTime:0.001000s ]
INFO: [ view_filter ] --END-- [ RunTime:0.001000s ]
INFO: [ app_end ] --START--
INFO: Run Behavior\ShowPageTraceBehavior [ RunTime:0.001000s ]
INFO: [ app_end ] --END-- [ RunTime:0.001000s ]

[ 2017-06-26T00:06:47+08:00 ] ::1 /lyadminmy/index.php/Admin/Index/index.html
INFO: [ app_init ] --START--
INFO: Run Behavior\BuildLiteBehavior [ RunTime:0.000000s ]
INFO: [ app_init ] --END-- [ RunTime:0.001000s ]
INFO: [ app_begin ] --START--
INFO: Run Behavior\ReadHtmlCacheBehavior [ RunTime:0.001000s ]
INFO: [ app_begin ] --END-- [ RunTime:0.002000s ]
SQL: SHOW COLUMNS FROM `ly_admin_user` [ RunTime:0.0080s ]
SQL: SHOW COLUMNS FROM `ly_admin_module` [ RunTime:0.0080s ]
SQL: SHOW COLUMNS FROM `ly_admin_access` [ RunTime:0.0080s ]
SQL: SELECT `group` FROM `ly_admin_access` WHERE `uid` = 1 LIMIT 1   [ RunTime:0.0010s ]
SQL: SHOW COLUMNS FROM `ly_admin_group` [ RunTime:0.0080s ]
SQL: SELECT * FROM `ly_admin_group` WHERE `id` = 1 LIMIT 1   [ RunTime:0.0010s ]
SQL: SELECT * FROM `ly_admin_module` WHERE `status` = 1 ORDER BY sort asc, id asc  [ RunTime:0.0000s ]
SQL: SELECT `admin_menu` FROM `ly_admin_module` WHERE `name` = 'Admin' LIMIT 1   [ RunTime:0.0000s ]
NOTIC: [8] Undefined variable: result D:\phpStudy\WWW\lyadminmy\shop\Admin\Model\ModuleModel.class.php 第 94 行.
INFO: [ view_parse ] --START--
INFO: [ template_filter ] --START--
INFO: Run Behavior\ContentReplaceBehavior [ RunTime:0.000000s ]
INFO: [ template_filter ] --END-- [ RunTime:0.000000s ]
INFO: Run Behavior\ParseTemplateBehavior [ RunTime:0.011000s ]
INFO: [ view_parse ] --END-- [ RunTime:0.011000s ]
INFO: [ view_filter ] --START--
INFO: Run Behavior\WriteHtmlCacheBehavior [ RunTime:0.001000s ]
INFO: [ view_filter ] --END-- [ RunTime:0.001000s ]
INFO: [ app_end ] --START--
INFO: Run Behavior\ShowPageTraceBehavior [ RunTime:0.002000s ]
INFO: [ app_end ] --END-- [ RunTime:0.002000s ]

